<?xml version="1.0" encoding="UTF-8"?>
<!-- Generated by org.testng.reporters.JUnitReportReporter -->
<testsuite hostname="LAPTOP-1S7CKAI6" failures="0" tests="3" name="com.PageObjectsTest.LoginTest" time="12.689" errors="0" timestamp="2020-02-21T00:23:17 IST" skipped="0">
  <testcase classname="com.PageObjectsTest.LoginTest" name="signUpTest" time="0.612"/>
  <testcase classname="com.PageObjectsTest.LoginTest" name="loginByFirstUsernameTest" time="6.530"/>
  <testcase classname="com.PageObjectsTest.LoginTest" name="logIn" time="5.547"/>
</testsuite> <!-- com.PageObjectsTest.LoginTest -->
