<?xml version="1.0" encoding="UTF-8"?>
<!-- Generated by org.testng.reporters.JUnitReportReporter -->
<testsuite hostname="LAPTOP-1S7CKAI6" failures="0" tests="1" name="com.pageObjects.google" time="7.258" errors="0" timestamp="2020-02-13T20:02:18 IST" skipped="0">
  <testcase classname="com.pageObjects.google" name="browser" time="7.258"/>
</testsuite> <!-- com.pageObjects.google -->
